-30769744
-97035760
-70891405
-35099328
79323
-78018141
-63063091
-22225496
-2246756
-97023573
-64223829
-63618085
-84181221
-93501042
-49674460
-21357439
-8446965
-98729954
-90471040
-78596459
-29246431
-13410559
-70604054
-2848617
-21162027
-44954051
-96994860
-24253284
-98303764
-77272976
-49132563
-82652270
-68854224
-40416847
-81368827
-24445984
-94023093
-40468570
-91462740
-41442223
-48942726
-25762798
-15401710
-44607763
-9188265
-29879497
-52306889
-31711067
-37932218
-43208326
-87727363
-61970279
-42742861
-98200887
-89295536
-90446039
-72735922
-4640298
-98414830
-54016416
-81504910
-76546832
-65084998
-50931183
-66055
-5946358
-32827369
-39245903
-22332972
-30255101
-22454918
-23206527
-69974316
-42464309
-25980022
-2972451
-12967907
-24799425
-35369259
-12886504
-88533314
-53035966
-63881527
-76535709
-62653904
-68662415
-185249
-51189868
-19834240
-62278196
-98998946
-38524377
-27381804
-92170362
-95445857
-67505488
-1377534
-39915742
-3507283
-34498770
-98746038
-4948810
-26617005
-83062210
-14971051
-86900367
-41819570
-35393563
-64901705
-6741728
-55132419
-22087704
-56143964
-31728964
-52039539
-90835954
-11877132
-71938595
-2907991
-65008347
-74988811
-74233328
-85344586
-16514122
-2190468
-89834431
-73988491
-76290188
-22396257
-97665865
-26826651
-60110549
-64545158
-39486009
-4499597
-57626988
-68900889
-27336783
-55472342
-94416690
-81673180
-23899677
-87775111
-32725884
-78399623
-63057615
-17446891
-42116717
-24721129
-71315759
-42759020
-31604333
-97378413
-28740354
-31730710
-40316263
-24898789
-34780798
-90854856
-29322408
-88983547
-53434756
-65170315
-58513430
-49753746
-26647877
-32166386
-33688078
-70497728
-81499730
-65782834
-1622691
-38692683
-38001080
-76304362
-14958520
-54911771
-86473466
-78769569
-86048577
-21205234
-84435106
-39585743
-1041536
-77258253
-58366388
-3231470
-97011691
-8321258
-51146224
-932774
-66201085
-63229976
-58909086
-45467266
-33853551
-73406493
-39053819
-80529586
-94741526
