608953837
710138720
459171300
488923831
0
232283768
219852482
219671174
360396429
857877859
226910729
60604888
290972164
603002768
444473708
883171425
448048349
318500330
0
606992973
369201594
7176178
380953772
127675601
876768334
901472301
549133757
578921982
0
717883075
33124913
747093406
262550565
995305669
423916715
1
377346034
0
249860372
0
539105527
0
250996374
0
873485321
383673846
650834743
193810808
530106694
743447410
830793652
482538149
0
413667208
367230306
0
0
571622895
453605202
732092945
92042878
365197495
80065004
0
955088575
781538037
593593390
631921095
747597153
433697106
0
0
951072435
87225910
405744940
470954989
49232183
0
307386616
111357429
965020238
54481111
226331242
695197508
965792130
780269622
0
136708069
126081820
632775238
196928429
434219634
150661619
438972568
304307611
870286805
519862110
38321836
9181230
695262456
911680208
171724822
0
0
0
472447680
910583228
399017133
458418901
196493056
245796135
370554229
0
881515792
370554229
360519271
510372122
821567953
602662404
0
905974940
275029183
860215127
541149276
878757659
255504297
0
293410800
0
385679160
536750830
907496438
494186806
958150901
635088614
0
204916281
614076018
62475594
308470686
104302002
0
525803662
410748594
434718147
0
0
598354203
0
672904242
677458777
0
401934887
484190403
0
670974707
931482938
277201562
345636331
234315621
345636331
986756642
934127044
196149617
353176973
618018179
365797808
508625975
620720546
366136018
0
873210024
270084169
85433021
27193015
272182436
0
0
145966272
0
830616879
613520723
0
145966272
145966272
456775233
181317715
775002881
874388844
802187209
240292830
622447009
710791483
0
437219971
400861937
866008780
116599878
18258061
18258061
877547171
0
635811876
41862683
252403977
635811876
17726024
876056859
523815084
401073038
509173872
241928181
853452996
441267671
787367302
0
0
895487552
0
304114503
927298190
876160943
532903202
289530746
315918511
770552969
0
0
353400164
420797667
171356422
341839970
142189856
674229242
75434857
501592666
123966724
61449033
569421615
861735664
599686566
593909133
205539410
773069683
472078845
761200095
796255629
761200095
944320559
763608105
618725770
908318541
406831023
209633469
874588451
393836511
21838510
393836511
265674873
497114582
231033948
742700328
231033948
605287553
719866455
706952574
371543190
0
823796642
42015966
122898067
82230187
898961330
491459572
758316599
147293224
897507441
23640831
556388610
606526431
365174418
59586776
342742190
245461353
411971106
685484381
936039356
758190420
758190420
735342226
421358837
940549096
734827007
606107263
729640899
312045353
0
0
900629586
999680402
448048349
133179344
467057554
638833770
0
491592271
0
819215182
612266367
550577014
975267693
690197469
387724405
68099433
839568212
131887061
836353714
657293225
907666550
93492438
375110544
600141318
16297999
26940982
563246036
465565259
831831157
497813767
598354203
537602909
515817320
343146064
668044640
990753799
847862479
86233386
676976643
0
0
142964883
0
219151024
234054187
800437908
900988856
140290877
82494494
109384684
449093829
268169227
860173707
288891208
734042928
300282301
354130656
153753347
318069779
100407797
503674010
589436294
0
951047216
274811108
0
542122172
0
694951263
77614021
193587746
686795403
470441609
922920186
493697321
380212044
940019761
748557294
409403687
951229454
0
792557273
686381933
216243461
637827193
362380469
0
664980052
0
815496172
859567308
574124051
819266183
844187480
279236483
561796501
296828543
744686786
383544256
836368868
308318446
333762344
350619826
168041480
79210148
970512052
821439151
417977794
631649311
227272970
491146928
726900185
368459384
540405289
0
981575500
268169227
950701776
199373126
860163355
312041121
0
47404109
105180736
145586001
476190215
0
973456259
266329007
997432164
235695467
844353539
69390754
949480668
881162393
191994803
923221947
366961064
53483164
19857537
830474530
277916346
472734687
26943364
987481637
971029949
835685552
518709325
686254721
937672242
905485118
807840589
418449943
214919370
140295760
266180604
323793964
203762799
562963768
188959819
248320569
605282942
654432327
603828091
540738898
0
293235759
22017184
115663637
881803480
502583506
482424769
495217591
235695467
15547517
0
597718045
0
851333032
239450826
831790088
13750237
522171009
219432454
572269083
372345280
466571979
628397898
195111844
867563950
0
772146974
226688299
875903700
199323009
307873698
904144290
660430548
10048045
58806358
492722256
499975569
0
0
0
616694424
437853839
951230594
768162847
0
412707888
317720607
998477092
726022409
178917448
807873044
1942214
906374552
855146397
165019764
0
0
0
0
735476791
711952913
484009840
0
859123740
669658263
183922795
202739858
231924082
0
295161923
0
536870911
948968216
46996729
217770277
916313678
0
948968216
948968216
987504422
948968216
0
964704247
419826369
722434334
983431539
541557365
371240889
57683219
997721329
0
646866741
553290558
684982396
110252072
62226720
0
778729867
353923879
343080345
789343675
0
63011438
889741328
824623812
0
504270923
203977372
262730690
572339765
0
449553837
860753012
477146486
268435455
919099153
573854559
162946710
268435455
313592257
0
131806804
0
433704737
91874461
962673033
712217341
760046288
505782649
392252800
498151462
0
495339057
0
691731952
437452360
848150360
555587277
73714386
29583457
882240656
0
617787922
136443601
0
306982905
183075332
250996374
768800475
421582960
95436548
685412505
486152668
793713928
71452861
45903729
845603733
878730961
992552274
619517934
673698289
644762712
0
826353474
750452650
88684025
887014448
354117086
94191100
58168456
937814007
741646366
436535442
838643123
700512194
78990136
826609427
0
510792289
943566976
0
565940402
737665096
290736029
4836082
159119284
943764743
602518326
72014442
850056440
528489962
929795461
240953073
158879011
67160408
164917068
0
555743265
269177332
235225435
761907060
235225435
0
979331618
97280145
587137306
220478917
843536406
694226928
460205166
185005987
987807653
996655393
549617622
188004409
525457540
110377239
410689427
508585914
954622238
0
87058091
0
308429853
627955430
655873547
314423379
0
865596099
342712845
169898062
169898062
722092584
248035604
507025592
0
322835539
771518406
480979695
365845391
873225242
354073060
745573467
622790252
269392095
921137613
328337573
921137613
806629586
921137613
700349596
102502289
935247803
503614782
647206966
0
911584517
567824556
383216069
0
882563344
221980304
833515480
148281007
906018949
567521045
301877432
543275819
195813721
747785499
442025095
743724087
32544292
709273185
121627793
556031151
800437908
542064177
490978076
0
64376634
851795872
123011073
0
26613821
294967267
968132452
72852366
566741409
0
984090736
572473183
725270863
856591015
968217257
64202467
139371060
927140442
346861906
493481474
306087469
779974912
774767643
602621131
477391269
790100297
553619809
609112896
779974912
953259220
718726183
482450507
0
401385087
739565030
934695076
153925320
617646928
217720173
483121629
192255634
209660780
496796939
0
870844783
492640267
363830470
806136733
204508128
600606186
545118354
590652345
0
491262038
215325530
416468340
0
498784821
839568212
76099738
757090162
892718125
185642051
511483906
298275598
480706811
480357496
656302173
587934976
623212238
787549150
540277853
0
677058546
555322300
860966049
796410153
0
0
79215752
967611709
215554578
889446038
0
955302497
0
243837722
155197365
543638210
591058354
401639029
701239653
794578924
374794416
0
707529275
731176337
353777590
332820237
485297030
566495411
609716230
294209561
993742395
288203028
763185726
656642680
4028428
913151290
5024022
0
906041600
150973850
625517605
377846357
80384367
594854784
0
737877783
440713737
993752214
764762235
45300765
625517605
0
0
563575054
947490579
307506695
641663252
131244113
14766078
66405531
89446475
0
738976357
171612145
969236992
0
229591264
403503229
19765043
762412205
775631016
258776235
747989418
354706871
354706871
0
445852758
803140657
744789153
0
217447134
750460070
225379637
514711855
858082063
740899912
422968087
852183735
296981443
421973927
744157406
197426469
276044773
876915097
855179082
535882351
0
762032147
434922469
635078483
961155283
517484030
965020238
0
212579317
713171791
386363624
498381558
0
45233221
227651337
157501745
501802758
544994004
295695797
410987508
821556859
12698977
903094023
558805551
837609404
54264755
837609404
135185524
0
0
307434884
141523683
743685087
954994256
0
368419919
934127044
231091339
987807368
537083721
929493014
0
595845302
0
86293565
845154682
0
468085850
998944036
882712733
0
0
218333378
665342483
293320136
488976233
819858046
797133663
803498720
965128889
492714173
51917838
779818132
327126813
832490029
547423079
676564547
0
763230187
0
0
645614637
895057733
933708397
152812108
319942125
833811124
786689270
4290167
851464497
943936615
876832301
0
367320410
0
524243151
663286448
27997851
721178666
928359170
569911884
444768035
65884672
314197972
818585331
163040396
663550425
119892590
995230031
413700696
200828379
0
0
840624479
339963108
688721484
0
236039422
558153033
0
626968757
272706012
0
65535
898217560
454384152
266360517
607544340
673541908
0
0
392558796
108875757
0
499608839
0
714156456
487578700
70974378
899430771
0
258154543
204656995
188057829
804553876
0
951758801
0
119125223
305637365
543596669
828166529
338675283
895387290
850414096
0
200143381
0
0
180349461
732135736
835259113
0
162472280
0
634596557
217929682
163068968
163068968
163068968
897073566
989772678
444272896
792001333
575098294
812066975
497590006
812066975
812066975
786125647
0
335926676
2097151
787148357
327853983
736419217
912010772
967910536
796435114
791127262
795493986
501955671
514312469
521276158
881861197
620789463
935469412
620789463
881958710
863861865
323677191
642619081
0
613371170
893900159
389550206
381804052
982884424
979520452
836866654
836866654
952159384
921403168
121297713
596767565
721459683
915105775
0
632009474
845527599
646320242
8388607
902456820
902456820
839581476
902456820
980674009
281196592
0
0
973769821
495567134
0
192964837
848244194
0
199161893
2206649
127526501
925573650
0
347152662
824815213
940846710
0
544986612
941122122
446731845
283617093
245844246
35642067
616358482
110261284
27742475
7211286
497592712
326219836
91874461
780635413
177655700
252147430
677058546
0
832246495
554301570
720431621
0
295806718
0
956420764
0
134256193
959744230
384512469
621479244
133305988
647805576
0
361865775
0
520642973
0
0
277791090
941203392
524064288
671490332
187304628
858802433
431958834
453704615
453704615
522633793
453704615
119141384
0
426727499
218739886
161950997
290539973
472362823
526028658
308074431
554403125
554403125
138445554
366921036
0
987747225
314273104
277483732
0
956854335
104974356
265743616
0
747696941
235896288
768307720
404962802
99027834
12405078
830672511
235293850
593806590
241417753
191935899
466502196
116007716
0
970363997
0
972185605
163188697
445340595
580633974
912297978
171190119
314579874
579628399
0
580633974
28944558
888107233
0
0
0
809034874
108864805
128142485
972065808
742879597
129899721
241578920
102410969
544035513
433550273
98831215
110236067
498632840
644445607
873435209
45277571
666871554
986917373
890054932
783666823
105766135
760503996
34685576
185840228
496711502
807362470
861735664
289408923
49620315
907897389
917158271
979999623
298748137
113213247
790181383
618832264
385900609
577633904
968887639
574347289
159349963
290739987
857705223
271222302
732390471
713987465
538323563
402555153
0
629790233
277795956
72853559
582458537
418577825
582458537
191605432
499273930
391387107
111090742
455573059
456946370
629438842
566602381
97427140
255113403
996857641
927737453
956250806
956250806
0
390977680
0
598874853
125793686
831317372
0
854312800
768613146
0
373423070
0
48396397
303074010
979368039
828174002
907143406
673759521
0
45608714
675604637
789437362
363947509
237623607
363947509
740557879
0
974992350
0
0
279592521
0
417741366
284007376
237058201
0
821193688
806006048
180042958
241104131
276457300
617230309
15
525701895
572430659
0
33697058
845947360
0
590602693
0
491262038
261232254
441456670
826934942
0
461905190
522664717
165484832
267865487
0
262801372
436737980
0
875031454
45685410
434400483
92104979
941592199
511851030
990435183
448775402
817864964
447463096
367718809
836362758
0
525478053
0
468131574
156440741
313965042
629127355
451501513
329975340
0
558144266
366359803
317803259
428389793
0
30992603
941175403
471421131
0
0
0
967345541
556961623
918330731
376230263
508712028
558906965
878889789
362134590
753495176
164583130
34438037
624040720
951538742
652960855
3605510
0
0
725379987
111376093
933015092
895279299
583712237
0
0
792320821
0
187344283
484378247
45193656
192349918
661579261
323100919
283326498
0
608721111
597864726
73313278
197615210
525815638
97337344
848402017
813977718
0
278456418
661837774
464018922
10694977
280049039
560917537
29309424
833628996
409794772
936884377
263863481
0
61675066
931625063
673287361
0
661100281
681489771
0
0
321757735
883920038
277429142
942793536
229024510
540359155
944940491
584386778
476671532
246797650
503311062
764765539
346547335
622417839
622417839
559768315
492012442
120507576
717460042
757236144
0
84913262
713171791
0
973443649
0
969506334
962793447
368063464
0
0
0
690829677
950958087
243503470
6055554
209214367
642702985
554642217
222619409
306621553
0
0
258657192
742757490
424251561
862784622
756750794
742004923
678328998
959643664
688577145
307548618
329361874
354405690
980730051
19834234
917044738
306574695
398732622
914546904
210446018
556031151
0
387622062
780791669
209483900
243880902
226839662
785015452
405431237
958293600
225845317
538049872
965631848
509042473
879326267
988481532
607592340
329964743
99580946
0
182434859
160046225
43317317
768874589
768874589
252147768
892663814
236546892
960172612
0
150621629
812577477
486513769
766842576
488314806
0
131752860
802161724
163068968
0
0
763982812
846431020
0
0
577057017
382177367
766215131
697106277
60695441
10663560
337652714
147658677
163068968
896397339
566602480
0
861095777
822674778
953494434
965278772
784644601
720385142
305545302
240389216
0
393392379
485923504
439504913
708581754
875242782
145035093
145035093
813809765
859145168
467035297
733817157
404427275
401724475
633809799
0
920828199
0
0
650498116
771876291
0
0
688684927
907395384
142064588
810178825
931175139
865830505
0
226946351
763758294
583971221
739657328
940362978
470659861
0
297302861
505287856
505287856
0
505287856
683292661
764708293
850892625
261730825
169881271
0
538119925
277326249
583666251
0
506045173
148741415
0
33145276
654402604
507060532
0
189692305
964018390
388453850
73308939
162763267
910082064
11481671
734599511
955095599
569216454
741888286
0
236294563
761082854
934786960
391505258
569109894
561359973
423062244
371336490
0
0
92174768
462182679
573245760
956159317
963997050
384524411
912632676
533832869
564436632
676005919
601369932
137518848
71630580
0
0
855818250
827411772
609323559
866182633
473929223
0
844189647
0
796523963
621875645
513178424
890724216
351400405
366136018
0
255
0
0
577786054
212535612
0
384870086
0
371842543
0
958503312
939354398
0
682261433
682261433
784221541
154828605
743339903
786485456
722950250
951228413
304424389
569849366
269250873
270016252
459873923
0
0
0
675554964
570208693
797931107
342730850
980731821
629906488
169560250
943370240
49536518
493478368
449142835
932078397
0
0
894819158
322563998
854135394
126020348
0
0
753025100
983472510
0
155415938
295015914
376187347
591574896
601173196
0
775074202
237058201
499095345
640969022
646283772
919264641
804188846
663025096
783792386
0
374110410
477645808
203110982
458227565
158054232
834952716
511024001
120706221
902046322
532621397
690742855
278456418
154485256
543598890
0
594985008
100336263
100336263
967309397
561457463
574214565
0
0
971587446
346053576
500465164
553481282
691616957
436717604
0
607342543
204080908
881803480
678994637
489287845
642552176
301315084
0
737650152
0
199516015
987504422
393815956
0
0
645885061
349586578
499563051
250258096
331369696
904321109
0
24971537
452852991
978716823
0
636445085
481799818
965892275
894620790
34952185
357229008
426025743
820146587
954184628
430374482
0
235220804
210854743
712965538
992668827
447245556
90358466
244690633
940271153
450402635
951657401
10167702
113213247
630096963
805154188
254300205
962581371
288203028
808288574
319552545
126706331
0
259522903
999490243
959088433
178825417
92993621
969023608
867677922
439995560
658224020
107730900
0
0
144053023
0
0
0
183491366
127
0
0
643692641
0
320269904
911801746
710345733
392203203
22824456
343525556
29172632
0
0
41115635
851964524
394262905
877451579
819616803
412082427
711894366
995921902
774493050
771127466
958431090
0
50813456
324846072
108262829
44049612
0
608797911
718486761
976433682
766571400
718486761
635672593
310094096
106003218
340792443
889613278
678139753
688085025
688085025
815309794
0
106965357
693091924
71452861
903422767
790967301
0
832999392
0
642291651
922533184
67406830
433051319
900035334
284692994
993200428
383228137
997846947
745304545
30010543
539598672
356890732
341082190
0
0
951047216
0
425279890
241173910
380587872
383238340
121465570
673759576
767382646
144679527
285693434
0
532961209
691990133
403213921
625429779
101627613
283247705
148636148
141664853
584100990
306352706
0
0
132561616
129618961
592414799
98267856
516084748
499014322
812577477
595845302
989062706
790402138
638908393
241186617
0
281430528
101563073
0
728114480
749555293
235329930
0
266417632
624258117
457449840
734872667
252882843
470805549
931050569
712422288
879758556
0
710706572
891485105
268541860
791554017
490654660
16295054
814764111
593666853
287483687
0
0
138899001
845840366
120341716
529403182
940846710
563120551
0
435483421
198487480
990787753
153925320
228136085
763318697
277201562
961479621
460568806
354723691
865686453
545470045
755042239
73151242
697424395
0
520966377
809837233
107033309
959281072
959281072
568326372
355172866
729871601
385273773
33126503
586961275
961479621
682688830
807063354
151118060
0
0
259237923
333890180
697629831
369630439
465154107
554302037
116007771
734731257
794124573
634270933
170435993
548554195
169388829
71525012
209483900
0
776473098
605540344
0
227711374
490332101
150669480
17793886
921731064
640062837
947185434
951780950
497813767
0
0
669175024
974740337
843820076
129220527
739666048
440362837
177709966
824893089
624293210
270358852
681171305
534067837
15049941
626448948
604145138
0
0
519271596
658395069
0
816538892
981294259
575112860
319145311
623834767
821723735
848271584
464015786
960865535
42710461
0
0
571622895
706757311
867466522
60122461
0
980416994
0
994486879
678197308
0
742961755
0
457050015
299177101
179946437
822251550
609847568
667058665
509223387
94190729
630997723
828690355
638600784
617969967
510882264
474869419
18935515
211228326
67549251
29113639
745631022
709123620
261436403
207271183
745631022
457332083
0
480720518
386934637
0
287851491
410871440
519790583
0
639772611
861550964
558394040
236294563
781555060
139279295
692638245
609835590
943036748
264281221
33888370
206848408
635540646
882606709
99240631
854849157
858922052
0
371284103
812983709
187269733
0
384169758
683642357
0
571280036
338224693
305624217
381740465
706452974
469751015
0
401385087
344755298
989337370
284773571
713987465
679589704
39520154
91200731
651537008
0
100538982
297384417
39520154
371669951
800885732
396898028
308805202
867671116
554162759
397664696
461403305
516086465
126887678
767708111
656611419
255451759
317350887
0
448336926
980067510
531249744
0
900722418
722535261
982483414
861137149
241782640
995627535
189543463
0
413158834
861137149
654920117
299217509
642934119
643364904
390292452
763098549
230940130
182443697
0
182443697
0
907009175
827672984
188569761
0
839908810
0
329422732
346332358
701378332
328903204
901827609
0
772261716
0
386654330
0
742051837
806927848
157149153
0
0
571484369
0
621295245
936143170
0
103268635
535789860
0
0
170229074
225865981
211907807
453901366
0
114269116
768120983
811776320
0
69455480
0
0
764701594
0
0
862527374
834502365
776993342
630314787
290143536
726080280
459211704
421169037
741446724
430469216
357781022
823261278
0
823942213
527213902
584949034
508738049
0
571208459
527213902
268198251
570208693
450324981
641407208
475254377
0
982183893
994996131
587600770
0
44338358
735623540
507108316
579055850
562360674
562360674
936761608
251681914
430569791
562360674
927909128
0
562360674
739425507
305252525
183423719
769004577
780153161
326986820
68258712
0
793409024
18618834
25653322
0
641243268
443034
422171744
115622536
345830505
771697806
977562085
750231211
977562085
867240433
0
173475965
685719902
460205710
732060350
530024063
0
558787224
236110593
0
557294853
369563984
146847796
136863350
0
693415460
633100031
913075426
381254673
314889320
433227730
474290257
0
0
26868662
166219501
102181329
935946853
344531168
213169758
695445180
640183958
658319928
106410525
405059005
555689746
431122327
302415196
812635846
70634990
0
0
4095
657466211
749176896
436971826
854640977
502673747
0
731078064
72120332
880647437
548413752
318283960
106456243
273214861
507679620
247384803
0
757129704
0
811776764
965649775
711400936
1942214
203100050
816726347
30945190
706067288
558723097
912501606
295410266
116391314
0
909972918
904321109
240016507
634478404
807688519
0
143245784
298199538
0
76775450
0
0
853867426
374802327
607001786
205913409
0
605311816
0
242142416
994152933
217206269
718247474
646911200
730573182
538964770
554796727
59405901
474490769
881909302
0
713364249
91901333
0
157706351
797692270
579055850
538964770
750154952
695198391
83824659
914350654
377216064
786342008
648250120
25397955
723281032
389548916
454484857
447895842
404118084
671176827
536060169
843939241
4032068
570002701
574801427
797922654
867379194
516931512
0
0
883556062
538610621
0
348250269
587796536
98803976
428492839
134947887
0
43734108
151519579
953933975
402919800
904321109
62414354
232323725
569331565
949128046
903003027
569331565
150422642
0
343146064
434633774
56561731
318874017
392894979
0
906686341
960679524
351857722
193919717
0
479180630
334661841
215455178
23032278
700568089
718724761
949512513
0
0
729220967
476459432
170541816
553977117
328413879
106681874
0
574794278
956280332
5092154
804125608
832687841
0
336052902
694257612
0
668026454
673430956
929785031
655714006
124237960
969728953
420248675
729816163
0
420797667
918760708
195840725
0
0
545985779
847130943
530176558
148902667
308722090
760030456
878446635
786486318
882350800
546746222
604274022
981749624
376633750
648902827
799810732
147579684
235220804
553606579
423650819
563555460
984317239
123864034
0
86580457
100173390
0
913763426
336959951
849888741
0
163716674
0
368875675
605160779
0
0
369390420
546786258
378956693
289508748
728990529
128677963
802166876
719211659
25397955
886563256
561580036
592172269
860048167
0
941672747
276625560
668574206
269335017
971072082
517538440
0
0
909236835
810360276
581415239
94924795
255464663
419053094
958419418
17179433
46855360
132837436
0
450821641
376743070
0
187448196
144337323
37136532
67761592
846042444
38408541
0
675777628
796598346
178708572
0
0
753495176
265765948
711493010
0
817423042
0
0
625818043
795493986
0
578379550
177193139
996986094
810970230
946675352
999837310
435209714
573377439
0
0
67525204
874350654
657817550
736839839
323466953
4022174
0
354073060
710791483
497126865
96246130
733769961
435422391
387555519
523653962
990619994
78971364
870723365
491327417
25450633
702174917
326939623
912103275
725368078
272359267
698832351
585104255
560136525
653218848
204504692
156964595
0
772493309
806006048
168063867
742162216
0
0
547587639
445198152
316594823
889683422
818813153
889683422
728414304
889683422
889683422
0
705743777
329394182
663461071
366961173
0
366961173
334661841
366961173
277346172
370260203
0
90961164
689908953
136521846
285405964
206798629
293420129
756683389
440548343
935932235
477781571
0
557491807
746361131
751791845
557491807
336513395
557491807
845448286
0
179966613
800469416
557491807
0
870549551
557491807
336773146
228025818
0
0
567795633
253143768
0
131483924
875827770
793473141
815333094
0
0
188214540
322987008
14772958
90390866
0
138333180
855949849
131483924
324727668
390757706
755987845
799284465
0
288446331
534105704
76315842
733579025
921873757
185944508
216562818
665899859
0
783776114
485505506
319552341
517351583
768336996
21348615
831627671
123451126
581472059
353400164
184815219
235939928
0
290520976
937621394
404323541
412799372
184258231
0
455302675
759306421
876144593
0
309482539
465691791
966507549
415728514
621119621
818893653
743859033
930907304
984431342
0
508267554
0
402264606
0
682680144
233851681
48405005
868938821
0
411096981
0
348063201
0
145071614
569011196
438435285
833045241
205430933
986863745
100116728
976371284
953783829
0
101823548
323466228
827491433
255910854
255910854
720575580
0
844886545
121580138
9733346
391485176
501610975
856624102
161394564
979430700
421109801
151895267
421109801
72409921
546087387
803528705
993607864
626027306
785462028
844913307
0
306574695
59191697
59191697
59191697
754236236
182278262
451532136
965974158
878684699
489037249
575362062
878684699
498000756
504034886
340540297
538452709
836579785
540653659
618710705
217173785
971293901
19971128
365338182
983184543
793022964
271388751
135098503
0
122699114
499688416
779974912
0
319910496
0
316223389
0
179946437
826026937
189661535
796410153
0
0
671352513
818115053
194027768
668935198
881091250
315048481
464602656
213112218
1124464
0
0
702822882
775043352
889491329
638600784
472513734
384129838
221031477
417334973
236340527
725513937
56149728
0
104366401
157527108
389479696
671943086
176013822
176013822
970660291
431481525
217770277
288520797
933706992
438864909
727000596
481103964
738801778
0
729556409
342349453
747046414
955695320
355863700
248320569
598642821
556608891
0
0
642819320
898162365
854236661
571533638
40192183
537286961
682896415
0
539423470
545268720
435033185
0
211457796
833189328
0
110183531
372786733
861180852
559511915
113055072
0
33551342
811002392
822738076
217812024
274314812
349999420
338965926
589163428
317721288
515289508
239814207
636612892
0
0
625469176
0
473016310
963477035
604655439
748296593
425286461
302489938
903323501
361587648
706800329
282331433
0
0
669624220
317926244
647377687
146679739
501992749
439296160
119076014
119076014
818133943
219439993
958770733
133162972
0
0
0
222474365
85904458
797261406
521088335
0
355891102
351329088
635391287
56606623
348063201
407921796
987941961
153413651
384870086
528659980
707673758
327216163
849978092
194589876
726284628
953259220
79183616
16777215
637188023
554060868
956964256
584461953
635587439
79737343
744111270
170088392
547851184
413056229
293300461
71885693
847598757
404416243
0
421121133
852316921
299393482
289832443
0
600950248
0
661622426
217385006
18536233
54416805
974428333
581514604
59591374
335033365
46064557
157635688
387634430
903083454
397935075
645920383
663275569
26027446
364881328
520385998
286397504
827146430
217578643
519219171
569719230
123892365
432425820
897374062
0
0
737665096
590007878
0
937725350
754654713
145916365
468892850
530024063
0
934451781
181317554
412057509
35338498
852256476
920841186
509680625
689170850
983353353
44713156
433091316
76308305
859567308
863614684
53886729
397648781
389570716
460420977
706492250
872815514
76066020
234477438
589326296
400603139
345102336
284665782
978074499
37459591
705516381
593962887
133141338
947724969
0
532742735
678496869
686525338
162944112
0
555126039
386962797
99531418
649158431
393235092
324091615
660127944
22800182
39781556
0
17179433
85843630
664402546
84856811
649191894
779999292
3693364
698139321
772266393
0
866481484
462691775
462691775
987296043
235745280
113454578
655665130
875077479
309293220
386247915
70406292
62631704
0
331809936
400342484
78846934
592920117
974611149
0
460878278
974375498
0
592998237
202739858
689024149
0
443234456
578230741
295768834
128145621
24939501
0
0
248956594
109919926
511820931
0
39022934
666201801
0
994229165
499187834
0
740084030
779889273
553721099
737665096
539179972
708070658
452301012
0
172150332
972403324
826492543
574139700
945362111
0
144571402
405169949
880252001
558589150
573258393
0
59405901
744604969
822485271
789852380
979467933
24349906
280173295
351804035
890899817
259447058
715301671
304879416
890379962
0
76706825
745659850
0
534238620
293480637
283897816
0
0
0
10467280
589390848
986668085
496595035
858234656
559358680
421815444
367858073
500601836
125813846
451377096
820639906
101369487
806693114
342241254
342241254
152199477
358522485
570208693
570208693
882304876
951489978
673589994
69403521
85811831
416946626
593542038
463060531
0
0
604745557
948536786
342118946
0
223554365
605889186
338881795
0
640020117
609266300
208410308
107180546
0
0
774804857
717574946
456478330
491959522
777406818
0
873598666
0
206164574
0
365360282
184934340
472513734
89116444
0
396498471
749170702
489037249
14196199
0
642500678
414308568
273779392
158956976
0
414559812
358609074
290801476
95967949
287357374
170208504
0
49229563
374777646
169440897
0
536338455
477560566
971847009
0
0
763430850
792931210
220003807
472547176
609835590
285693434
841916643
95997401
942247874
612946887
860806098
95997401
498381558
730327994
448606119
142925332
256653516
538235889
635587439
276466867
0
708070658
708070658
807615455
741974510
412505498
675921807
414094852
280940029
710851683
0
544735364
746733309
150950830
178267966
700376801
910836849
792526163
132543383
808543841
0
395859316
0
880563793
84766324
814183965
708383373
0
434606976
615990007
0
540354445
0
915750410
913754139
688991598
0
0
355597879
894899716
12653169
402753730
733277144
364042117
541821370
0
48128570
223404427
381659348
833952706
0
730382623
19047115
802130931
138380484
0
155958691
741494775
24585527
621200841
860486654
313469012
62565651
412707888
20096091
0
488018038
269651414
350319784
747046414
982199265
124052862
0
361563467
829420835
926225887
756392388
732301331
485727762
517375976
918216310
704549919
517375976
852051487
381801170
0
702003648
469072727
74025312
779469068
884959588
0
0
458921389
496859408
0
841835572
0
470917177
175824705
250938346
387555519
0
0
940726960
972333090
964876682
244685785
351232951
0
570775926
711725105
0
689949746
431531560
159462620
923983483
417102151
0
536060169
0
929802024
35536251
592957209
753101274
876958432
681433688
178576029
305450816
267597518
885508349
445516772
511008595
586854094
478141133
890383776
432210129
0
722312466
833432711
29980982
812882743
271896149
0
859119103
528637564
896356783
402300453
48810683
0
40582289
619976237
736473878
0
0
40330930
877962762
579499269
366150665
480183132
537480676
875060431
0
0
353247419
842337610
530416805
502850656
418332050
851400259
88587878
958935860
856922925
753076852
765034732
758285980
616574154
425863112
912297978
554302037
0
110435782
804188846
103547914
657237690
845984929
474726469
912162053
540523131
972771063
404411733
212511357
922599745
158879011
47998700
972771063
332756028
539480340
697888507
906301020
916796346
6727652
0
847432058
640751833
0
540354445
141002587
0
78738568
696933155
796539452
715875078
260206603
599539913
599539913
817105151
0
176327680
935676162
702020773
705985556
112049033
501876693
336817194
959611105
297159824
0
716394707
281938038
207692113
221914141
0
292808867
0
640898376
710180080
46693992
791220581
109064222
160487227
110001903
298137029
853226490
455447442
0
355492406
908585774
952432328
625469176
382733197
0
165686436
263312641
113481108
41763938
0
0
0
717074310
120377868
768239550
0
986302560
609827262
104275537
73622665
221519294
30263558
416716355
416716355
523117881
162693516
2119599
0
160303561
298209155
650631724
521731278
868338878
807808704
381793126
556329813
872827891
657817550
928821077
217534216
73903377
388555268
102181329
930867835
567521045
0
334210622
771799448
990030121
990030121
816704139
0
413028880
832490029
989062706
570002701
557820886
408734922
345127478
306625969
98134632
478561629
656510116
137581148
98177260
256086424
646911200
676102158
345843047
333636764
544680452
492740886
0
654587462
606148021
223572926
74475339
292608392
632009474
0
849842824
668408600
632009474
271128244
861314031
632009474
51403784
0
0
0
770192451
273416139
273416139
983687590
535416216
623125265
240192483
0
772841147
578432587
394408477
828174002
0
979078424
555330459
454224847
253381181
253381181
890972973
887603445
91109524
0
680799049
47880772
47880772
634228003
158134497
503074677
926241051
619589198
405959970
0
194640165
922759172
128287579
360807288
847521389
0
48699813
824637978
300388682
0
745979764
309988692
356140949
824115019
10786531
0
204990814
191642335
804798664
921109547
611633155
0
162876529
508821416
761759701
176412386
0
39888750
726421712
810450375
583677702
162238286
899805130
168017479
0
315813302
6055554
698211319
211824503
196535713
894763967
124217041
650054007
268057507
931795354
881645183
0
0
19365124
146617879
4194303
773373114
570931832
280744402
967029622
599468518
292154763
717700311
636065268
90390866
331803904
489070084
596128120
309201050
489070084
796375312
906518434
120426765
0
568676215
705207910
122061638
227252903
174478472
684600800
603150888
544986612
0
544986612
735866307
267919329
267919329
19832911
111646375
0
903627118
449044110
451138470
253081125
36225700
80243613
249945467
532404743
0
731585649
531720842
817243786
330414326
72676904
882244238
0
775243428
47981756
0
50300275
0
331240969
527302634
0
214212426
45034187
241767383
845448286
73358050
936002260
519580374
285636524
953971040
497488682
201751614
932247665
975507078
225783372
865219574
114896613
560456381
126514286
656379404
0
873546706
111680863
653735057
459208193
236041219
973337679
77880216
616911435
447312665
965076430
623040316
363011204
0
284686759
0
0
0
627368236
668318836
0
0
0
0
82298546
67054295
389830464
22298424
519859879
161077270
699037969
379311477
582218748
594999090
0
535191636
766576649
0
438133161
611754753
0
175461405
485809194
994431371
0
643116125
536841173
0
845840366
907666550
734446428
574318077
320195359
467251655
296826158
659927642
336475080
469636272
154742189
59010304
204169347
547212099
30191489
685895517
397727512
0
0
356682124
0
319832853
0
151774362
5878512
0
555737460
504276467
134451664
396139160
0
61265670
0
478864863
270836404
73038690
687625296
995138769
272463862
38282452
27232620
766690970
1250370
0
205818349
595845302
616403710
665254694
533853318
582334807
855818250
908090919
7176546
290707619
259324395
0
249392410
927826149
785121418
156584861
820449489
0
52262517
519570481
124951189
933239058
0
594729416
679162946
339164417
481214386
770296048
421892970
720792859
479531617
0
238347107
230246381
0
376196433
225166220
331746706
152048643
0
72343224
958690202
363090365
637186350
431647373
715595243
633440654
943380518
862039958
359653031
174096661
451903678
413443579
220533626
189166117
0
411650322
139955728
755626133
0
0
62372332
807996737
861267961
357017718
136521846
967375174
0
780083835
116470901
0
65347660
952209585
613855690
0
650589599
216631997
587850104
460936878
158377387
774732073
0
225911623
724732746
225911623
957043505
79294072
0
937802884
740915922
759195872
848798573
541033493
95224471
270548588
813662047
922229567
107630786
997055245
255079342
488018038
655498950
920777875
260321486
495391209
52524180
538049872
0
439430334
24202502
482600764
192906242
10772553
711461272
50813186
900988856
323677928
533910883
710035265
0
765618903
295837192
624720779
365525526
426078718
0
584949034
70264872
992574510
748104829
795297563
279076516
13455305
807680810
558144266
380186814
938821784
848802258
555126039
953259220
315535725
400275735
0
768800475
166461462
279795623
155708960
980210301
66447904
445463456
599939144
603530704
0
0
0
73358050
866189068
515565383
380258592
236181590
636853887
0
943612047
831076904
871789874
248475921
147314854
105059102
44223129
752682791
0
0
291265890
774140499
66891554
385888772
412814473
56167321
637475475
32227436
756889690
690902029
18124342
966694186
462943251
309367711
580715256
737906029
36169881
0
0
625412557
278817706
0
0
495133274
587605479
59586776
0
674258113
717545561
309490082
102565138
0
534224230
441974175
42399084
531861305
788092656
237489616
598296983
272353178
681537630
318648283
910177144
879775042
680834019
527543294
907934956
680834019
0
0
611472268
865234224
146516780
0
324174496
0
637537066
0
990300034
587015803
955721439
313201268
632146151
0
856446528
634853788
227491404
654562400
0
948062462
621940454
0
823750244
0
831326095
322222803
866030178
980130039
102138143
0
962106768
548180829
822668452
0
68523018
0
0
802420187
462997110
626006257
189438581
0
931055160
303118675
876558724
0
226503598
149971650
398673554
348497062
31326310
22017184
273043693
155502058
267587502
241417753
196923277
0
0
0
413004056
868399626
773068775
474781427
0
885514211
0
259617456
536396503
316614032
600904560
823658167
0
153287347
0
796598346
0
387237723
467049288
192256234
895939326
0
857767666
924745867
0
99483768
823942213
522169182
3
460568806
460568806
571033489
625391981
544293942
731262169
812957011
901580409
147148093
675309916
283656360
975157401
677286240
224124593
351399818
749479484
439487706
639816141
181742789
0
786021834
710292788
717480571
757243165
0
445077640
415046747
767708111
0
0
495456139
273779392
184349537
697636340
872358306
437850994
919970058
607621572
258798887
0
0
0
82855617
946125639
609607534
128368046
818709732
211778366
111027433
454929642
751868462
932102052
822868865
880363227
0
745979764
645349550
639921614
326327539
632283561
445217108
781826536
132375580
10184309
0
74370707
984160441
622226594
115625410
0
0
0
0
201358149
995921902
69349590
556912837
639057043
196575607
493356163
19777646
687250244
0
592664341
0
191461226
496396723
113825668
37225666
605178545
875090221
356705028
509296341
702760722
637806504
234568830
235779460
151000568
483867354
397537428
774882143
947724969
504001913
693341356
33182693
397600972
212405016
141180781
931050569
876466553
26733538
886298493
103360894
0
166757457
0
0
663784876
874086999
692267876
59405901
649274494
47796636
0
277326249
540100817
4413299
635008129
719116641
136534398
443810858
895801270
385028567
407287522
845555112
0
713637644
154968628
586406556
630779473
626843715
0
332952485
764535843
767562022
534392686
0
268847815
574990621
338647360
649841003
259228198
589733841
614012912
0
448606119
56778105
592750618
244919985
557026218
158896859
911109871
764628391
245767925
465433917
267153640
0
598407466
152080402
167059385
977954640
970251673
897212239
598354203
223516584
214276755
50922756
906002382
893124117
855700471
0
41799757
31825779
167080460
686121906
524071390
0
365438220
74423540
877463544
987119960
289591423
566558231
235220804
260822558
362380469
912078359
105089605
525955134
31348043
240206810
0
0
688624164
83143297
720518605
919790741
917816409
883973084
667325665
0
840434604
646459250
69981839
536927995
542106024
542106024
235329930
286629196
855938117
796375312
0
401385087
200164262
401385087
66258198
217729611
417334973
716055605
217135198
103222879
0
285988738
974977652
570696443
605793672
0
121094120
349757990
519450560
0
0
365326912
0
304214169
419519104
0
0
264385627
390483006
645562518
0
568765656
0
948000141
211959334
361345733
970561064
482198186
863995028
285405964
703719720
517763598
541738688
366374622
21382947
0
837706524
358795906
530951102
509889153
567412325
215908899
0
0
476459432
403068366
484985652
136135557
975969088
346861906
344755298
432705054
485773483
0
381801170
0
672105805
455402228
406647668
613203167
460765240
817469845
36177513
936002260
940596038
470587701
832135216
0
672377652
0
0
0
909745701
539017423
789623745
255956600
742961755
168497500
384699837
226012305
918892225
0
488314806
585678214
592646481
621256994
123039654
712547768
402263459
712547768
0
793473141
12598375
160280744
211907807
106966329
183707802
64860946
739902779
360467101
647796871
0
189616438
279076515
111753922
88068739
678415494
582034715
560505155
758285980
495127033
930633842
0
262371126
347624006
890356504
329076784
444287698
49719370
691836926
996946288
971538486
949960826
784320875
95664518
529509169
797771868
813147081
723478526
963512641
222496864
364869719
622159445
870918447
68354034
12040163
0
397420661
539956297
472499410
0
440146929
0
982348232
886898250
130790441
537447924
71187763
234568830
0
738229719
0
162038324
34780404
783293853
968019681
0
674966533
369167884
54409346
469929978
637082175
940297400
748425829
520466946
0
771626055
910583228
0
447406875
0
256973682
845603741
620773800
895543549
780254595
618773055
982323111
533300692
0
361345975
308831881
126406700
835710793
527689432
870882945
170561908
282895127
690896566
943589165
552764372
678341065
0
438565760
324961993
628396061
775088980
70245806
0
378880978
178232889
300510887
899185180
870419429
118717354
638640891
392104529
239432431
770057135
128328326
87030708
364608173
116306060
257681130
689170850
678816999
951414300
194919835
83344959
180935383
238772143
676078775
18720677
405645758
154338282
72958182
791292671
248320569
18399279
335099160
134217727
623398828
400172978
37060150
285959423
27911593
129600441
160806545
899025020
0
216525659
0
68634610
350975026
382961093
558462923
313325570
80992489
387750643
0
400753596
472947662
0
0
15771665
291278559
762508621
0
115778235
539758725
304492447
195598252
115778235
611490417
444337606
525017236
896047267
227572442
627825853
553317051
395986659
26910611
172054474
350985566
0
340589172
812734591
334055567
843462122
0
950017670
28844087
416202562
136521846
19619115
416202562
638404955
47575005
865123477
459211704
531256652
917842779
780243428
0
0
649135831
0
690650934
531237800
592233124
533809056
477640768
447262574
613472801
0
671371098
209291251
753117442
738756750
347602314
0
248475921
0
295676414
248946519
478509750
76256994
0
684229598
582961247
255632292
556106834
910605351
189692305
0
817469845
800542739
339544733
0
866008780
0
634156205
513178424
142433748
114696661
0
943571787
561229999
997280005
130974466
0
459341411
725424410
0
801383027
642106032
0
441864533
871737430
468223214
633377607
57656069
268420586
919918401
923501915
120780835
732561300
0
274226475
30724516
3257231
888347618
843142144
526970007
118643698
0
200282630
0
0
0
851878107
153823887
758946117
627878284
748104829
229529906
360022269
384512469
481757659
44342012
550789484
709144949
0
0
748983520
4321679
617917913
308862444
327239740
969109135
903287543
532404743
308013955
0
146481874
37958908
640056206
662359459
0
658503764
883693990
0
334936786
84134885
23643412
0
529787105
502424050
433748726
551670042
0
143445442
35726430
804913634
986824325
799177069
209609462
930397093
3602905
66224173
178009911
81219943
443336338
261332358
0
934623609
344674386
860990019
115313645
48287482
926225887
990030121
858802433
0
863802890
523507303
0
0
982242198
516453970
644745236
434286489
994886342
675432267
698246116
439763011
32251867
456194152
449890234
419218925
540390163
357148154
678172630
906947609
855700471
724417806
296015200
902248948
908002373
272058994
742655778
0
70753317
908232023
0
462737604
242419555
0
485646897
724322369
831188068
49487545
556300332
700343712
0
433086662
856504875
971760451
158279015
601369932
432712782
409643879
407785640
407785640
220716789
972184698
787691766
638600784
374999423
0
443448350
0
655834470
741916749
648413082
0
0
0
412667198
0
0
707644395
0
522171009
302420159
580926475
299926694
561982619
145017594
0
357433939
197490050
0
0
224379920
648123465
0
957641315
977835852
0
173310305
29702950
797795690
524287
500651135
239432431
943449128
137620133
0
269747535
0
436372047
0
93486358
73002592
679603422
143569261
68575141
180855676
113715613
73308939
697413053
393238057
514102186
554532877
558571348
0
752274847
217711195
93486358
920841186
758465759
93486358
93486358
0
151288195
0
295330518
757425742
244177843
207670479
25114679
729529676
869887443
510729516
0
0
0
0
884379983
856140404
88865070
223966583
790602580
711138346
321889234
283206779
46008531
817731036
0
643604051
696245671
874561215
0
835950590
702020773
604351092
902094426
672849466
868903556
898074741
650831548
136708069
898553353
998890143
191475163
303552896
959028437
880353602
949149591
600786331
0
771951164
544560612
67867776
121207350
59034047
814221916
300198504
164867555
0
87205972
19833311
0
39195511
70043610
627230382
48429726
184088333
219706698
264408106
57688175
440089072
523205259
870864940
941503922
280614999
629723532
0
816485517
762014381
894292401
196349826
0
752211874
71400410
571511767
133221212
0
442949863
188432704
487626926
811675442
772493309
872989885
0
748419470
498437024
0
692014647
597876983
51980674
133141338
901927904
958718189
928968774
246824010
226638290
496638578
472151880
520149717
572135778
598909865
661322097
623212166
183704489
977011634
0
259290808
454832653
737575781
50869736
445575556
438269214
519859879
215184674
7970985
253481318
188198641
196587619
196587619
776297812
68543439
0
358511147
0
0
575346040
700618549
134921296
340064721
595076917
107352876
75474074
727853603
0
411242635
753349943
223824202
500439959
258860498
619552465
20549499
217612489
561694476
920259107
477327829
15941971
619552465
211816353
531113363
400519140
122230957
0
449902845
71074733
796106257
874298430
118651060
668109731
0
547587639
0
263725825
742568207
517790573
0
603221066
218939936
778994787
438883959
851698641
148527885
618779669
571277599
17221769
249151014
75136882
635606519
0
32890031
238861064
459549576
851726225
0
0
797795690
0
633553489
976342752
39724214
393358046
735154688
213434374
418252093
521007986
214198929
0
952661935
952661935
42654243
505688170
746788311
912122336
740048055
666785522
0
205319022
632341212
509572561
0
417640755
0
874366018
31973857
0
782597261
623665708
448606119
958150901
0
0
278703686
204580273
712939178
0
0
468243324
626957596
99282543
0
91874461
53102341
212537605
705117897
37067904
604475278
312896631
688913542
0
879533966
409866746
692582469
590007878
37225666
409866746
572131943
742162216
954140357
641910401
251347419
494074487
621091157
990313184
836353714
929447943
997960954
480096104
847202937
0
0
124199234
121209777
501704787
373391776
542365043
237296471
237296471
187458056
246262861
812348107
970561064
164437490
716087416
183525815
0
161576049
1189201
785594126
0
33097208
897212239
818863919
524346509
113368296
0
160457045
0
284419926
556508099
136567967
0
283270317
661471268
141904091
0
183046127
42654243
829805559
395708925
293945407
462151497
223769011
282957958
111646375
111646375
720903733
202731667
128492941
747501823
663848402
970406558
633173431
744219406
370089375
179201451
341457344
0
903334295
0
456306664
798954456
511513125
831924204
141948757
868027084
681022907
5347488
748557294
927982644
824538353
932824715
0
737807106
786701390
0
754990779
0
373845292
0
785032742
146008832
646740950
947041403
310356520
144571402
0
186637604
708249699
0
320079315
722274292
420383320
0
0
544590643
507586825
186141822
288179646
0
883968893
804480561
128814885
322269521
896096699
506362661
3605510
168005314
241417753
714254480
170880235
824238646
438269214
493334042
0
95580978
0
202039006
536672683
504806202
294857547
439756389
984317239
35542325
0
345527148
53274770
590062904
551668064
0
137632103
783621086
48688584
294413926
922826253
141322
459113032
757515312
853814568
29702950
412415178
796222365
335040507
586946276
654397659
205235033
840729159
0
594267789
803553111
259929939
562074382
74081131
407234685
664907098
280682670
268422700
66763862
897212239
168278339
0
744157406
0
853176671
888691487
67711170
396736570
556604690
513156246
976747220
866626089
713699408
89983306
662301684
827639957
641704230
0
389706854
112932990
766342844
0
217292668
438952512
998143632
180147773
820563999
225046663
595995798
550094416
176705006
316438035
908461611
948915703
630619582
279632276
377827078
986975164
853323527
0
607199672
45950666
577170933
277130332
114231381
917370746
0
347026477
0
875628008
560021587
66224173
874439943
636963849
180593208
315387739
99517034
565692144
851870812
557752476
556916084
0
770542441
259284992
980777196
0
906374552
461574603
631400689
456659851
637718170
420691460
985280535
585836989
749316423
685425691
448493883
0
882350800
532856371
883592150
741580416
950660373
747609915
551011483
66432291
0
0
318302670
483238855
129904938
850268264
112062296
992376588
73682340
393512711
752963913
135980497
388615205
544558225
0
0
261592695
307882312
527425033
0
0
186972717
464035102
922570790
876808405
862586440
511622897
739778133
977017582
0
780236781
601369932
918779700
734818139
853454999
0
0
0
995145216
603380120
353777590
0
327936773
803482020
709728098
658576488
0
596926161
976036077
419021621
153719446
367242928
5840411
302212431
1831858
0
334530139
455150517
114545378
0
700988972
162271454
434371696
0
84311025
692643663
230661117
243148748
258345772
740440324
895653854
238628840
364879941
0
8826599
405614798
611935420
65966881
107880017
837915484
957581069
854483368
600708519
0
0
611935420
118811803
732723462
940386531
0
0
0
0
0
0
973467222
485409254
0
237577371
346321831
0
622591259
0
760976752
911635642
132763775
82343597
990930269
475247215
546832279
512236295
913851055
890665595
97399627
232782629
625643868
688917104
895425935
677263184
806397337
148741415
0
0
0
780790021
275246001
468892850
962804991
576962663
14422043
895479580
709598785
714273375
540957193
281106678
440019267
741341070
547407826
94775440
244518624
699293966
334045020
533524784
764730692
569466265
217697552
506313027
83993191
542893474
677294721
0
271864980
522171009
152753934
263659034
566659415
0
0
528829642
312506898
0
799109614
27920215
103915761
128677963
655910780
129790206
66550592
385669958
67498541
0
959088433
882228861
975614730
0
0
0
294818424
63166472
848559003
957043505
744962693
0
918465565
619967812
837994391
0
660477959
871958750
16007782
161778269
0
0
327449747
868104821
609643313
1
710953753
599470533
297272297
300634230
585633362
674532253
286726920
113455364
450736392
763658812
752050064
132530296
991502683
907693127
443080638
855085453
0
97459917
648335603
342762085
956142991
231364191
729301945
597617251
286149880
310919472
110001903
971011013
87276414
982574087
332241739
0
441484165
143833685
859733877
503850841
308711678
0
0
0
576027635
623962383
511267206
0
466626904
161210238
220678006
109760496
0
832405125
481684538
516749338
407382470
0
260321486
260321486
615576258
235220804
0
581650940
697694006
0
0
176284162
644524589
24832919
469636272
0
19832911
225166220
90697721
457089580
764656280
443415004
798804701
298316856
171942146
92009492
115455631
0
378589195
954386082
0
0
0
0
923810381
0
950671788
0
89983306
289184696
81328392
983672859
210717713
343266286
785430799
414577079
0
0
247326684
168063867
789450570
562080145
168063867
858410620
257681130
769740173
44214733
0
393836511
977884583
114644783
489974949
456779921
444115399
0
712366263
686327777
0
188594196
918568021
0
687261772
201877646
335174650
419415969
707683912
179946437
484478473
474116403
998890143
650772258
354551593
811291517
0
928126072
456663021
466488349
0
0
0
0
782561808
0
852603958
0
310937822
560219710
493478368
0
594556247
413775493
45293948
182454040
0
829692309
645929025
30119811
823731861
846101321
0
0
733922347
0
195286080
323677013
523969341
0
953494434
466811943
809217197
351742394
914934936
427736623
0
201947389
283489917
0
565746678
283489917
366150665
0
46460871
502070409
660360862
817594110
667744903
541506278
796187338
578020397
39719752
555148076
351010386
315281456
795926138
0
79886486
754950701
801507193
213925117
105344393
0
249638641
941764871
849747671
529461936
101002556
759890969
0
382098984
631685399
0
171323854
0
0
847620756
331237461
744744206
809729298
388996566
661025382
109786199
172283344
0
1948572
338797939
83616600
24336097
48586172
116103765
280269837
0
18926630
457030908
44110186
703739904
979126093
0
588809485
841901049
843165921
0
402841010
217612489
74542586
9655715
400310834
0
602412552
866315629
80711497
508288033
217747615
448048349
376643698
0
499354390
791487680
30714372
0
823229628
383381197
422922538
322630245
896201939
204037917
220821425
0
204923493
699001661
958457849
607290245
82446837
491299310
0
829561143
906518434
300008942
808566272
755060385
64323572
386917010
693149433
693149433
108835666
786701390
817011560
393965143
0
487357684
93600201
0
0
0
920345650
492958633
0
723599651
0
176446368
461576972
681218942
0
680832846
463397561
409881016
942781871
661308666
41640929
0
233154278
186292565
374543630
164814106
328234865
305638185
820154668
433051319
340162024
935432473
407072825
83660708
645349550
180015750
426233345
133402396
0
0
426233345
0
807006459
170337194
817228308
89815490
133049212
796647575
694257612
340209269
895057733
920672212
462943251
895057733
259609585
0
843229797
829883570
733960045
403068366
97902353
24657842
859089129
435171194
93492438
836788170
861139583
557429092
533153292
772493309
76136813
0
513313307
899185180
356993732
172134240
575022288
622417839
136962386
207565484
539298652
0
344923519
643974585
703920672
323675542
494186806
227112423
945341918
0
0
828796872
0
63278100
647560667
996763117
772493309
846217526
940596038
0
412946981
42149878
0
612875381
0
869094592
759222219
0
128349381
324221418
720095381
84104403
165529257
959968044
631668932
0
611248435
182880469
933516452
885842253
315995118
802770175
508566460
285402734
17174021
961738415
0
945362111
0
0
227619679
929890279
493403501
193535124
64323285
22934051
953384764
127381301
958749807
784725157
70974378
806644900
995921902
251074039
335176823
290115636
249476393
716821234
461510612
727789184
308596156
669339888
856849707
0
913241196
491884308
170443503
902788355
867468870
0
708703031
0
853421570
749190782
708703031
904492870
0
854596374
0
96888879
0
502673747
694257612
932738154
673159564
0
127386711
0
940545628
612581248
472681055
0
0
183742455
818953551
12111109
124349495
675309916
0
101793533
412188910
342209386
253782343
715301253
21119833
0
829641800
391798353
75181342
674825564
0
0
346870684
304663311
0
350096471
67108863
166685092
639057043
162830472
213146222
526956035
875903700
581354636
0
317501934
0
764628391
483634564
0
578718111
302964100
0
0
697748028
133065999
0
261995440
713015808
678496869
218964848
17179433
654402604
945270588
807287171
0
76136813
90390866
0
579451333
231571000
533096054
573873827
728175477
0
0
816209137
0
0
326608081
0
489671345
85259668
0
0
369737855
464184556
788155944
923398741
0
968764241
860952719
439749850
24810157
288203028
198123384
925134135
293033561
41672479
115644276
969201913
490071681
0
800270102
504851545
773786500
109512254
998618426
266927444
22432571
353176973
372786733
0
400976115
292918494
359635222
0
747149134
902534604
866223144
637530507
416322918
703586803
163579738
0
683224565
900623601
946887292
978762535
722871279
0
542365043
108262829
586336872
824941742
728154501
737336724
276350779
798370354
798462740
896525560
234795349
136940498
0
309753448
563506139
830220713
344211604
267453686
0
914528276
0
147412482
236542528
597377779
634591594
160986763
213321770
463898999
282731038
933621996
672478490
235418186
215261573
236294563
649158431
663044348
770986402
0
949658418
214576026
901845370
146045300
747046414
0
668154809
509042473
745785698
0
876870571
844456774
304873341
377073920
584759334
174907421
553567348
822123022
213281506
0
791568163
235872532
548479932
829251885
572299761
233154278
461886452
643579522
124453441
862784622
855894461
126467290
0
279076516
401291879
908030154
344755298
931129649
792845265
819287759
842300403
0
894164314
812525323
0
138180345
979947629
914090597
713200969
224912633
46480317
682708464
500236108
701310218
753692825
766760581
396866901
895069406
132730680
770631590
0
684600800
48729958
815548247
580657564
100109322
385921731
778839663
0
762817381
786125647
90290383
571550527
916247196
974268396
0
390287602
945718340
0
0
394150504
662139745
222245237
134922111
426437699
210928560
980487529
891596501
442389167
215546919
717128920
338797939
107623192
131742501
947184084
247207907
184209959
324264812
922332482
11155382
533275299
699977191
922169101
503436925
409698948
240988641
980435590
862480250
219591644
99483768
0
653222543
107705064
300191408
633440654
838873106
0
903627118
402263459
972363811
228438534
87354043
0
480168054
0
920690696
238165483
741702753
528530939
0
87014325
387491064
472681055
921631339
46261171
655873547
885909557
508138560
379862641
385714472
911337392
613393200
166776071
814242235
701255032
717884745
919784109
545343974
819287759
37185353
31895383
506362661
0
831534038
503461527
498885371
227221982
0
563776562
971011013
615103745
207053474
0
539053433
533096054
755613348
157863283
620040057
230334476
996876110
102612046
303247366
658235441
0
126923648
310760696
0
0
745337839
0
858578683
0
836766335
589158521
1956392
0
298426751
346399071
76891800
432470816
452657126
229177782
353542825
321653960
415156471
458013928
0
784982673
784982673
767002370
497114582
934557220
771645827
81604053
530452631
640096275
325660945
730882270
444726683
0
0
582395679
856147273
60033730
0
589335632
